<?xml version="1.0" encoding="UTF-8"?>
<!-- Generated by org.testng.reporters.JUnitReportReporter -->
<testsuite skipped="0" hostname="VDUDDUKU-IN" name="MyRunner.TestRunner" tests="1" failures="0" timestamp="2020-04-19T19:09:10 IST" time="18.144" errors="0">
  <testcase name="feature" time="18.144" classname="MyRunner.TestRunner"/>
  <system-out/>
</testsuite> <!-- MyRunner.TestRunner -->
