<?xml version="1.0" encoding="UTF-8"?>
<!-- Generated by org.testng.reporters.JUnitReportReporter -->
<testsuite skipped="0" hostname="VDUDDUKU-L470" name="MyRunner.TestRunner" tests="1" failures="0" timestamp="2020-05-03T12:15:52 IST" time="26.474" errors="0">
  <testcase name="feature" time="26.474" classname="MyRunner.TestRunner"/>
  <system-out/>
</testsuite> <!-- MyRunner.TestRunner -->
